2024-08-28 13:33:09,288:WARNING:
'cuml' is a soft dependency and not included in the pycaret installation. Please run: `pip install cuml` to install.
2024-08-28 13:33:09,288:WARNING:
'cuml' is a soft dependency and not included in the pycaret installation. Please run: `pip install cuml` to install.
2024-08-28 13:33:09,288:WARNING:
'cuml' is a soft dependency and not included in the pycaret installation. Please run: `pip install cuml` to install.
2024-08-28 13:33:09,288:WARNING:
'cuml' is a soft dependency and not included in the pycaret installation. Please run: `pip install cuml` to install.
2024-08-28 13:33:14,322:INFO:PyCaret ClassificationExperiment
2024-08-28 13:33:14,327:INFO:Logging name: clf-default-name
2024-08-28 13:33:14,331:INFO:ML Usecase: MLUsecase.CLASSIFICATION
2024-08-28 13:33:14,331:INFO:version 3.3.2
2024-08-28 13:33:14,331:INFO:Initializing setup()
2024-08-28 13:33:14,333:INFO:self.USI: 6688
2024-08-28 13:33:14,333:INFO:self._variable_keys: {'y', 'fix_imbalance', 'gpu_n_jobs_param', 'n_jobs_param', 'html_param', 'y_test', 'USI', 'log_plots_param', 'idx', 'gpu_param', 'memory', 'exp_id', 'data', 'target_param', 'fold_groups_param', 'fold_shuffle_param', 'exp_name_log', 'X', 'pipeline', 'fold_generator', 'X_train', 'X_test', 'logging_param', 'is_multiclass', '_ml_usecase', '_available_plots', 'seed', 'y_train'}
2024-08-28 13:33:14,334:INFO:Checking environment
2024-08-28 13:33:14,334:INFO:python_version: 3.11.4
2024-08-28 13:33:14,335:INFO:python_build: ('tags/v3.11.4:d2340ef', 'Jun  7 2023 05:45:37')
2024-08-28 13:33:14,335:INFO:machine: AMD64
2024-08-28 13:33:14,335:INFO:platform: Windows-10-10.0.22631-SP0
2024-08-28 13:33:14,368:INFO:Memory: svmem(total=8311836672, available=455561216, percent=94.5, used=7856275456, free=455561216)
2024-08-28 13:33:14,369:INFO:Physical Core: 4
2024-08-28 13:33:14,369:INFO:Logical Core: 8
2024-08-28 13:33:14,370:INFO:Checking libraries
2024-08-28 13:33:14,371:INFO:System:
2024-08-28 13:33:14,371:INFO:    python: 3.11.4 (tags/v3.11.4:d2340ef, Jun  7 2023, 05:45:37) [MSC v.1934 64 bit (AMD64)]
2024-08-28 13:33:14,371:INFO:executable: c:\Users\Satyam\Desktop\Gamers Detection\satyam\Scripts\python.exe
2024-08-28 13:33:14,371:INFO:   machine: Windows-10-10.0.22631-SP0
2024-08-28 13:33:14,371:INFO:PyCaret required dependencies:
2024-08-28 13:33:14,757:INFO:                 pip: 23.1.2
2024-08-28 13:33:14,757:INFO:          setuptools: 65.5.0
2024-08-28 13:33:14,757:INFO:             pycaret: 3.3.2
2024-08-28 13:33:14,757:INFO:             IPython: 8.26.0
2024-08-28 13:33:14,757:INFO:          ipywidgets: 8.1.5
2024-08-28 13:33:14,757:INFO:                tqdm: 4.66.5
2024-08-28 13:33:14,757:INFO:               numpy: 1.26.4
2024-08-28 13:33:14,757:INFO:              pandas: 2.1.4
2024-08-28 13:33:14,757:INFO:              jinja2: 3.1.4
2024-08-28 13:33:14,757:INFO:               scipy: 1.11.4
2024-08-28 13:33:14,757:INFO:              joblib: 1.3.2
2024-08-28 13:33:14,757:INFO:             sklearn: 1.4.2
2024-08-28 13:33:14,757:INFO:                pyod: 2.0.1
2024-08-28 13:33:14,757:INFO:            imblearn: 0.12.3
2024-08-28 13:33:14,757:INFO:   category_encoders: 2.6.3
2024-08-28 13:33:14,757:INFO:            lightgbm: 4.5.0
2024-08-28 13:33:14,757:INFO:               numba: 0.60.0
2024-08-28 13:33:14,757:INFO:            requests: 2.32.3
2024-08-28 13:33:14,757:INFO:          matplotlib: 3.7.5
2024-08-28 13:33:14,757:INFO:          scikitplot: 0.3.7
2024-08-28 13:33:14,757:INFO:         yellowbrick: 1.5
2024-08-28 13:33:14,757:INFO:              plotly: 5.23.0
2024-08-28 13:33:14,757:INFO:    plotly-resampler: Not installed
2024-08-28 13:33:14,757:INFO:             kaleido: 0.2.1
2024-08-28 13:33:14,757:INFO:           schemdraw: 0.15
2024-08-28 13:33:14,757:INFO:         statsmodels: 0.14.2
2024-08-28 13:33:14,763:INFO:              sktime: 0.26.0
2024-08-28 13:33:14,763:INFO:               tbats: 1.1.3
2024-08-28 13:33:14,764:INFO:            pmdarima: 2.0.4
2024-08-28 13:33:14,764:INFO:              psutil: 6.0.0
2024-08-28 13:33:14,764:INFO:          markupsafe: 2.1.5
2024-08-28 13:33:14,764:INFO:             pickle5: Not installed
2024-08-28 13:33:14,765:INFO:         cloudpickle: 3.0.0
2024-08-28 13:33:14,765:INFO:         deprecation: 2.1.0
2024-08-28 13:33:14,766:INFO:              xxhash: 3.5.0
2024-08-28 13:33:14,766:INFO:           wurlitzer: Not installed
2024-08-28 13:33:14,766:INFO:PyCaret optional dependencies:
2024-08-28 13:33:14,826:INFO:                shap: Not installed
2024-08-28 13:33:14,827:INFO:           interpret: Not installed
2024-08-28 13:33:14,827:INFO:                umap: Not installed
2024-08-28 13:33:14,827:INFO:     ydata_profiling: Not installed
2024-08-28 13:33:14,828:INFO:  explainerdashboard: Not installed
2024-08-28 13:33:14,828:INFO:             autoviz: Not installed
2024-08-28 13:33:14,828:INFO:           fairlearn: Not installed
2024-08-28 13:33:14,828:INFO:          deepchecks: Not installed
2024-08-28 13:33:14,829:INFO:             xgboost: Not installed
2024-08-28 13:33:14,829:INFO:            catboost: Not installed
2024-08-28 13:33:14,829:INFO:              kmodes: Not installed
2024-08-28 13:33:14,829:INFO:             mlxtend: Not installed
2024-08-28 13:33:14,829:INFO:       statsforecast: Not installed
2024-08-28 13:33:14,829:INFO:        tune_sklearn: Not installed
2024-08-28 13:33:14,829:INFO:                 ray: Not installed
2024-08-28 13:33:14,829:INFO:            hyperopt: Not installed
2024-08-28 13:33:14,829:INFO:              optuna: Not installed
2024-08-28 13:33:14,829:INFO:               skopt: Not installed
2024-08-28 13:33:14,829:INFO:              mlflow: Not installed
2024-08-28 13:33:14,829:INFO:              gradio: Not installed
2024-08-28 13:33:14,829:INFO:             fastapi: Not installed
2024-08-28 13:33:14,829:INFO:             uvicorn: Not installed
2024-08-28 13:33:14,829:INFO:              m2cgen: Not installed
2024-08-28 13:33:14,829:INFO:           evidently: Not installed
2024-08-28 13:33:14,829:INFO:               fugue: Not installed
2024-08-28 13:33:14,833:INFO:           streamlit: Not installed
2024-08-28 13:33:14,833:INFO:             prophet: Not installed
2024-08-28 13:33:14,833:INFO:None
2024-08-28 13:33:14,833:INFO:Set up data.
2024-08-28 13:33:25,561:INFO:Set up folding strategy.
2024-08-28 13:33:25,561:INFO:Set up train/test split.
2024-08-28 13:33:27,062:INFO:Set up index.
2024-08-28 13:33:27,129:INFO:Assigning column types.
2024-08-28 13:33:28,293:INFO:Engine successfully changes for model 'lr' to 'sklearn'.
2024-08-28 13:33:28,451:INFO:Engine for model 'knn' has not been set explicitly, hence returning None.
2024-08-28 13:33:28,470:INFO:Engine for model 'rbfsvm' has not been set explicitly, hence returning None.
2024-08-28 13:33:28,641:WARNING:
'xgboost' is a soft dependency and not included in the pycaret installation. Please run: `pip install xgboost` to install.
Alternately, you can install this by running `pip install pycaret[models]`
2024-08-28 13:33:28,643:WARNING:
'catboost' is a soft dependency and not included in the pycaret installation. Please run: `pip install catboost` to install.
Alternately, you can install this by running `pip install pycaret[models]`
2024-08-28 13:33:28,860:INFO:Engine for model 'knn' has not been set explicitly, hence returning None.
2024-08-28 13:33:28,863:INFO:Engine for model 'rbfsvm' has not been set explicitly, hence returning None.
2024-08-28 13:33:29,027:WARNING:
'xgboost' is a soft dependency and not included in the pycaret installation. Please run: `pip install xgboost` to install.
Alternately, you can install this by running `pip install pycaret[models]`
2024-08-28 13:33:29,027:WARNING:
'catboost' is a soft dependency and not included in the pycaret installation. Please run: `pip install catboost` to install.
Alternately, you can install this by running `pip install pycaret[models]`
2024-08-28 13:33:29,027:INFO:Engine successfully changes for model 'knn' to 'sklearn'.
2024-08-28 13:33:29,293:INFO:Engine for model 'rbfsvm' has not been set explicitly, hence returning None.
2024-08-28 13:33:29,444:WARNING:
'xgboost' is a soft dependency and not included in the pycaret installation. Please run: `pip install xgboost` to install.
Alternately, you can install this by running `pip install pycaret[models]`
2024-08-28 13:33:29,444:WARNING:
'catboost' is a soft dependency and not included in the pycaret installation. Please run: `pip install catboost` to install.
Alternately, you can install this by running `pip install pycaret[models]`
2024-08-28 13:33:29,728:INFO:Engine for model 'rbfsvm' has not been set explicitly, hence returning None.
2024-08-28 13:33:30,037:WARNING:
'xgboost' is a soft dependency and not included in the pycaret installation. Please run: `pip install xgboost` to install.
Alternately, you can install this by running `pip install pycaret[models]`
2024-08-28 13:33:30,038:WARNING:
'catboost' is a soft dependency and not included in the pycaret installation. Please run: `pip install catboost` to install.
Alternately, you can install this by running `pip install pycaret[models]`
2024-08-28 13:33:30,039:INFO:Engine successfully changes for model 'rbfsvm' to 'sklearn'.
2024-08-28 13:33:30,526:WARNING:
'xgboost' is a soft dependency and not included in the pycaret installation. Please run: `pip install xgboost` to install.
Alternately, you can install this by running `pip install pycaret[models]`
2024-08-28 13:33:30,526:WARNING:
'catboost' is a soft dependency and not included in the pycaret installation. Please run: `pip install catboost` to install.
Alternately, you can install this by running `pip install pycaret[models]`
2024-08-28 13:33:30,827:WARNING:
'xgboost' is a soft dependency and not included in the pycaret installation. Please run: `pip install xgboost` to install.
Alternately, you can install this by running `pip install pycaret[models]`
2024-08-28 13:33:30,827:WARNING:
'catboost' is a soft dependency and not included in the pycaret installation. Please run: `pip install catboost` to install.
Alternately, you can install this by running `pip install pycaret[models]`
2024-08-28 13:33:31,050:INFO:Preparing preprocessing pipeline...
2024-08-28 13:33:31,233:INFO:Set up simple imputation.
2024-08-28 13:33:34,151:INFO:Finished creating preprocessing pipeline.
2024-08-28 13:33:34,171:INFO:Pipeline: Pipeline(memory=FastMemory(location=C:\Users\Satyam\AppData\Local\Temp\joblib),
         steps=[('numerical_imputer',
                 TransformerWrapper(exclude=None,
                                    include=['Time', 'V1', 'V2', 'V3', 'V4',
                                             'V5', 'V6', 'V7', 'V8', 'V9',
                                             'V10', 'V11', 'V12', 'V13', 'V14',
                                             'V15', 'V16', 'V17', 'V18', 'V19',
                                             'V20', 'V21', 'V22', 'V23', 'V24',
                                             'V25', 'V26', 'V27', 'V28',
                                             'Amount'],
                                    transformer=SimpleImputer(add_indicator=False,
                                                              copy=True,
                                                              fill_value=None,
                                                              keep_empty_features=False,
                                                              missing_values=nan,
                                                              strategy='mean'))),
                ('categorical_imputer',
                 TransformerWrapper(exclude=None, include=[],
                                    transformer=SimpleImputer(add_indicator=False,
                                                              copy=True,
                                                              fill_value=None,
                                                              keep_empty_features=False,
                                                              missing_values=nan,
                                                              strategy='most_frequent')))],
         verbose=False)
2024-08-28 13:33:34,171:INFO:Creating final display dataframe.
2024-08-28 13:33:39,728:INFO:Setup _display_container:                     Description             Value
0                    Session id              1365
1                        Target             Class
2                   Target type            Binary
3           Original data shape      (284807, 31)
4        Transformed data shape      (284807, 31)
5   Transformed train set shape      (199364, 31)
6    Transformed test set shape       (85443, 31)
7              Numeric features                30
8                    Preprocess              True
9               Imputation type            simple
10           Numeric imputation              mean
11       Categorical imputation              mode
12               Fold Generator   StratifiedKFold
13                  Fold Number                10
14                     CPU Jobs                -1
15                      Use GPU             False
16               Log Experiment             False
17              Experiment Name  clf-default-name
18                          USI              6688
2024-08-28 13:33:40,316:WARNING:
'xgboost' is a soft dependency and not included in the pycaret installation. Please run: `pip install xgboost` to install.
Alternately, you can install this by running `pip install pycaret[models]`
2024-08-28 13:33:40,316:WARNING:
'catboost' is a soft dependency and not included in the pycaret installation. Please run: `pip install catboost` to install.
Alternately, you can install this by running `pip install pycaret[models]`
2024-08-28 13:33:40,727:WARNING:
'xgboost' is a soft dependency and not included in the pycaret installation. Please run: `pip install xgboost` to install.
Alternately, you can install this by running `pip install pycaret[models]`
2024-08-28 13:33:40,727:WARNING:
'catboost' is a soft dependency and not included in the pycaret installation. Please run: `pip install catboost` to install.
Alternately, you can install this by running `pip install pycaret[models]`
2024-08-28 13:33:40,727:INFO:setup() successfully completed in 26.42s...............
